<?xml version="1.0" encoding="UTF-8"?>
<!-- Generated by org.testng.reporters.JUnitReportReporter -->
<testsuite hostname="Rinkesh" name="recap.RadioButton" tests="1" failures="0" timestamp="3 Dec 2016 04:00:48 GMT" time="1.268" errors="0">
  <testcase name="testAnchor" time="1.268" classname="recap.RadioButton"/>
</testsuite> <!-- recap.RadioButton -->
