<?xml version="1.0" encoding="UTF-8"?>
<!-- Generated by org.testng.reporters.JUnitReportReporter -->
<testsuite hostname="Rinkesh" name="TestGrouping.BeforeAndAfterClass" tests="6" failures="0" timestamp="7 Feb 2017 02:57:19 GMT" time="0.104" errors="0">
  <testcase name="login12" time="0.006" classname="TestGrouping.BeforeAndAfterClass"/>
  <testcase name="register" time="0.008" classname="TestGrouping.BeforeAndAfterClass"/>
  <testcase name="register12" time="0.006" classname="TestGrouping.BeforeAndAfterClass"/>
  <testcase name="login" time="0.006" classname="TestGrouping.BeforeAndAfterClass"/>
  <testcase name="login12" time="0.007" classname="TestGrouping.BeforeAndAfterClass"/>
  <testcase name="login" time="0.071" classname="TestGrouping.BeforeAndAfterClass"/>
</testsuite> <!-- TestGrouping.BeforeAndAfterClass -->
