<?xml version="1.0" encoding="UTF-8"?>
<!-- Generated by org.testng.reporters.JUnitReportReporter -->
<testsuite hostname="Rinkesh" name="recap.ObjectRepoExample" tests="1" failures="0" timestamp="2 Feb 2017 18:47:15 GMT" time="24.781" errors="0">
  <testcase name="tc_01" time="24.781" classname="recap.ObjectRepoExample"/>
</testsuite> <!-- recap.ObjectRepoExample -->
