<?xml version="1.0" encoding="UTF-8"?>
<!-- Generated by org.testng.reporters.JUnitReportReporter -->
<testsuite hostname="Rinkesh" name="recap.WaitsInSelenium" tests="1" failures="0" timestamp="3 Dec 2016 10:48:34 GMT" time="32.267" errors="0">
  <testcase name="waitTest" time="32.267" classname="recap.WaitsInSelenium"/>
</testsuite> <!-- recap.WaitsInSelenium -->
