<?xml version="1.0" encoding="UTF-8"?>
<!-- Generated by org.testng.reporters.JUnitReportReporter -->
<testsuite hostname="Rinkesh" name="TestNGClasses.TestScript2" tests="3" failures="0" timestamp="19 Nov 2016 02:06:05 GMT" time="0.012" errors="0">
  <testcase name="test001" time="0.000" classname="TestNGClasses.TestScript2"/>
  <testcase name="test002" time="0.004" classname="TestNGClasses.TestScript2"/>
  <testcase name="test003" time="0.008" classname="TestNGClasses.TestScript2"/>
</testsuite> <!-- TestNGClasses.TestScript2 -->
