<?xml version="1.0" encoding="UTF-8"?>
<!-- Generated by org.testng.reporters.JUnitReportReporter -->
<testsuite hostname="Rinkesh" name="recap.Locators" tests="1" failures="0" timestamp="2 Dec 2016 17:39:17 GMT" time="0.077" errors="0">
  <testcase name="testAnchor" time="0.077" classname="recap.Locators"/>
</testsuite> <!-- recap.Locators -->
