<?xml version="1.0" encoding="UTF-8"?>
<!-- Generated by org.testng.reporters.JUnitReportReporter -->
<testsuite hostname="Rinkesh" name="CheckUrls" tests="2" failures="0" timestamp="2 Dec 2016 01:11:56 GMT" time="0.655" errors="0">
  <testcase name="testAnchor" time="0.413" classname="CheckUrls"/>
  <testcase name="testTable" time="0.242" classname="CheckUrls"/>
</testsuite> <!-- CheckUrls -->
