<?xml version="1.0" encoding="UTF-8"?>
<!-- Generated by org.testng.reporters.JUnitReportReporter -->
<testsuite hostname="Rinkesh" name="TestNGClasses.DataProviderExcelLib" tests="1" failures="0" timestamp="11 Feb 2017 17:25:05 GMT" time="2.218" errors="0">
  <testcase name="test001" time="2.218" classname="TestNGClasses.DataProviderExcelLib"/>
</testsuite> <!-- TestNGClasses.DataProviderExcelLib -->
