<?xml version="1.0" encoding="UTF-8"?>
<!-- Generated by org.testng.reporters.JUnitReportReporter -->
<testsuite hostname="Rinkesh" name="recap.CheckUrls" tests="2" failures="0" timestamp="8 Feb 2017 05:59:37 GMT" time="3.339" errors="0">
  <testcase name="testAnchor" time="3.125" classname="recap.CheckUrls"/>
  <testcase name="testTable" time="0.214" classname="recap.CheckUrls"/>
</testsuite> <!-- recap.CheckUrls -->
