<?xml version="1.0" encoding="UTF-8"?>
<!-- Generated by org.testng.reporters.JUnitReportReporter -->
<testsuite hostname="Rinkesh" name="TestGrouping.Smoke" tests="1" failures="0" timestamp="8 Feb 2017 14:45:37 GMT" time="0.093" errors="0">
  <testcase name="smokeTesting" time="0.093" classname="TestGrouping.Smoke"/>
</testsuite> <!-- TestGrouping.Smoke -->
