<?xml version="1.0" encoding="UTF-8"?>
<!-- Generated by org.testng.reporters.JUnitReportReporter -->
<testsuite hostname="Rinkesh" name="TestNGClasses.TestGitHub" tests="8" failures="0" timestamp="11 Feb 2017 22:46:20 GMT" time="71.737" errors="0">
  <testcase name="test_004" time="16.169" classname="TestNGClasses.TestGitHub"/>
  <testcase name="test_004" time="16.375" classname="TestNGClasses.TestGitHub"/>
  <testcase name="test_003" time="4.558" classname="TestNGClasses.TestGitHub"/>
  <testcase name="test_004" time="16.984" classname="TestNGClasses.TestGitHub"/>
  <testcase name="test_001" time="3.377" classname="TestNGClasses.TestGitHub"/>
  <testcase name="test_003" time="4.596" classname="TestNGClasses.TestGitHub"/>
  <testcase name="test_002" time="4.742" classname="TestNGClasses.TestGitHub"/>
  <testcase name="test_003" time="4.936" classname="TestNGClasses.TestGitHub"/>
</testsuite> <!-- TestNGClasses.TestGitHub -->
