<?xml version="1.0" encoding="UTF-8"?>
<!-- Generated by org.testng.reporters.JUnitReportReporter -->
<testsuite hostname="Rinkesh" name="recap.ParameterByMethodInDataprovider" tests="6" failures="0" timestamp="22 Dec 2016 18:36:57 GMT" time="20.890" errors="0">
  <testcase name="testMethodA" time="3.427" classname="recap.ParameterByMethodInDataprovider"/>
  <testcase name="testMethodB" time="3.429" classname="recap.ParameterByMethodInDataprovider"/>
  <testcase name="testMethodA" time="3.322" classname="recap.ParameterByMethodInDataprovider"/>
  <testcase name="testMethodB" time="3.381" classname="recap.ParameterByMethodInDataprovider"/>
  <testcase name="testMethodB" time="3.394" classname="recap.ParameterByMethodInDataprovider"/>
  <testcase name="testMethodA" time="3.937" classname="recap.ParameterByMethodInDataprovider"/>
</testsuite> <!-- recap.ParameterByMethodInDataprovider -->
