<?xml version="1.0" encoding="UTF-8"?>
<!-- Generated by org.testng.reporters.JUnitReportReporter -->
<testsuite hostname="Rinkesh" name="recap.ActionClassKeyEvent" tests="1" failures="0" timestamp="14 Jan 2017 07:45:57 GMT" time="35.694" errors="0">
  <testcase name="rightClick" time="35.694" classname="recap.ActionClassKeyEvent"/>
</testsuite> <!-- recap.ActionClassKeyEvent -->
