<?xml version="1.0" encoding="UTF-8"?>
<!-- Generated by org.testng.reporters.JUnitReportReporter -->
<testsuite hostname="Rinkesh" name="recap.ExplicitWait" tests="1" failures="0" timestamp="3 Dec 2016 11:06:16 GMT" time="45.104" errors="0">
  <testcase name="explicitWait" time="45.104" classname="recap.ExplicitWait"/>
</testsuite> <!-- recap.ExplicitWait -->
