<?xml version="1.0" encoding="UTF-8"?>
<!-- Generated by org.testng.reporters.JUnitReportReporter -->
<testsuite hostname="Rinkesh" name="TestGrouping.CrossBrowserTest" tests="2" failures="0" timestamp="22 Jan 2017 14:00:40 GMT" time="0.152" errors="1">
  <testcase name="executeStep1" time="0.003" classname="TestGrouping.CrossBrowserTest">
    <error type="org.openqa.selenium.WebDriverException" message="Failed to connect to binary FirefoxBinary(C:\Program Files (x86)\Mozilla Firefox\firefox.exe) on port 7055; process output follows: 
te&quot;:2,&quot;seen&quot;:true}
1485093533076	addons.xpi	DEBUG	Updating XPIState for {&quot;id&quot;:&quot;sp@avast.com&quot;,&quot;syncGUID&quot;:&quot;GjdLZvR5eTSh&quot;,&quot;location&quot;:&quot;winreg-app-global&quot;,&quot;version&quot;:&quot;10.3.5.39&quot;,&quot;type&quot;:&quot;extension&quot;,&quot;internalName&quot;:null,&quot;updateURL&quot;:null,&quot;updateKey&quot;:null,&quot;optionsURL&quot;:null,&quot;optionsType&quot;:null,&quot;aboutURL&quot;:null,&quot;icons&quot;:{},&quot;iconURL&quot;:&quot;chrome://sp/content/common/skin/img/logo-safeprice-48.png&quot;,&quot;icon64URL&quot;:null,&quot;defaultLocale&quot;:{&quot;name&quot;:&quot;Avast SafePrice&quot;,&quot;description&quot;:&quot;Safe shopping extension&quot;,&quot;creator&quot;:&quot;AVAST Software&quot;,&quot;homepageURL&quot;:&quot;http://www.avast.com/&quot;},&quot;visible&quot;:true,&quot;active&quot;:false,&quot;userDisabled&quot;:true,&quot;appDisabled&quot;:false,&quot;descriptor&quot;:&quot;C:\\Program Files\\AVAST Software\\Avast\\SafePrice\\FF&quot;,&quot;installDate&quot;:1472924438178,&quot;updateDate&quot;:1472924438178,&quot;applyBackgroundUpdates&quot;:1,&quot;bootstrap&quot;:true,&quot;skinnable&quot;:false,&quot;size&quot;:1877359,&quot;sourceURI&quot;:null,&quot;releaseNotesURI&quot;:null,&quot;softDisabled&quot;:false,&quot;foreignInstall&quot;:true,&quot;hasBinaryComponents&quot;:false,&quot;strictCompatibility&quot;:false,&quot;locales&quot;:[],&quot;targetApplications&quot;:[{&quot;id&quot;:&quot;{ec8030f7-c20a-464f-9b0e-13a3a9e97384}&quot;,&quot;minVersion&quot;:&quot;38.0a1&quot;,&quot;maxVersion&quot;:&quot;43.0&quot;}],&quot;targetPlatforms&quot;:[],&quot;multiprocessCompatible&quot;:false,&quot;signedState&quot;:2,&quot;seen&quot;:true}
1485093533078	DeferredSave.extensions.json	DEBUG	Save changes
1485093533079	addons.xpi	DEBUG	Updating database with changes to installed add-ons
1485093533080	addons.xpi-utils	DEBUG	Updating add-on states
1485093533085	addons.xpi-utils	DEBUG	Writing add-ons list
1485093533101	addons.xpi	DEBUG	Registering manifest for C:\Program Files (x86)\Mozilla Firefox\browser\features\e10srollout@mozilla.org.xpi
1485093533105	addons.xpi	DEBUG	Calling bootstrap method startup on e10srollout@mozilla.org version 1.0
1485093533105	addons.xpi	DEBUG	Registering manifest for C:\Program Files (x86)\Mozilla Firefox\browser\features\firefox@getpocket.com.xpi
1485093533109	addons.xpi	DEBUG	Calling bootstrap method startup on firefox@getpocket.com version 1.0
1485093533115	addons.xpi	DEBUG	Registering manifest for C:\Program Files (x86)\Mozilla Firefox\browser\features\loop@mozilla.org.xpi
1485093533119	addons.xpi	DEBUG	Calling bootstrap method startup on loop@mozilla.org version 1.2.6
1485093533257	addons.manager	DEBUG	Registering shutdown blocker for XPIProvider
1485093533259	addons.manager	DEBUG	Provider finished startup: XPIProvider
1485093533259	addons.manager	DEBUG	Starting provider: LightweightThemeManager
1485093533259	addons.manager	DEBUG	Registering shutdown blocker for LightweightThemeManager
1485093533260	addons.manager	DEBUG	Provider finished startup: LightweightThemeManager
1485093533264	addons.manager	DEBUG	Starting provider: GMPProvider
1485093533298	addons.manager	DEBUG	Registering shutdown blocker for GMPProvider
1485093533299	addons.manager	DEBUG	Provider finished startup: GMPProvider
1485093533299	addons.manager	DEBUG	Starting provider: PluginProvider
1485093533300	addons.manager	DEBUG	Registering shutdown blocker for PluginProvider
1485093533301	addons.manager	DEBUG	Provider finished startup: PluginProvider
1485093533303	addons.manager	DEBUG	Completed startup sequence
1485093540796	DeferredSave.extensions.json	DEBUG	Starting timer
1485093540925	addons.manager	DEBUG	Starting provider: &lt;unnamed-provider&gt;
1485093540925	addons.manager	DEBUG	Registering shutdown blocker for &lt;unnamed-provider&gt;
1485093540926	addons.manager	DEBUG	Provider finished startup: &lt;unnamed-provider&gt;
1485093541624	DeferredSave.extensions.json	DEBUG	Starting write
1485093542273	addons.repository	DEBUG	No addons.json found.
1485093542274	DeferredSave.addons.json	DEBUG	Save changes
1485093542316	DeferredSave.addons.json	DEBUG	Starting timer
1485093543840	addons.manager	DEBUG	Starting provider: PreviousExperimentProvider
1485093543840	addons.manager	DEBUG	Registering shutdown blocker for PreviousExperimentProvider
1485093543841	addons.manager	DEBUG	Provider finished startup: PreviousExperimentProvider
1485093543863	DeferredSave.addons.json	DEBUG	Starting write
1485093543880	DeferredSave.extensions.json	DEBUG	Write succeeded
1485093546235	DeferredSave.addons.json	DEBUG	Write succeeded

Build info: version: &#039;2.53.1&#039;, revision: &#039;a36b8b1&#039;, time: &#039;2016-06-30 17:32:46&#039;
System info: host: &#039;Rinkesh&#039;, ip: &#039;192.168.243.1&#039;, os.name: &#039;Windows 10&#039;, os.arch: &#039;amd64&#039;, os.version: &#039;10.0&#039;, java.version: &#039;1.8.0_60&#039;
Driver info: driver.version: FirefoxDriver">
      <![CDATA[org.openqa.selenium.WebDriverException: Failed to connect to binary FirefoxBinary(C:\Program Files (x86)\Mozilla Firefox\firefox.exe) on port 7055; process output follows: 
te":2,"seen":true}
1485093533076	addons.xpi	DEBUG	Updating XPIState for {"id":"sp@avast.com","syncGUID":"GjdLZvR5eTSh","location":"winreg-app-global","version":"10.3.5.39","type":"extension","internalName":null,"updateURL":null,"updateKey":null,"optionsURL":null,"optionsType":null,"aboutURL":null,"icons":{},"iconURL":"chrome://sp/content/common/skin/img/logo-safeprice-48.png","icon64URL":null,"defaultLocale":{"name":"Avast SafePrice","description":"Safe shopping extension","creator":"AVAST Software","homepageURL":"http://www.avast.com/"},"visible":true,"active":false,"userDisabled":true,"appDisabled":false,"descriptor":"C:\\Program Files\\AVAST Software\\Avast\\SafePrice\\FF","installDate":1472924438178,"updateDate":1472924438178,"applyBackgroundUpdates":1,"bootstrap":true,"skinnable":false,"size":1877359,"sourceURI":null,"releaseNotesURI":null,"softDisabled":false,"foreignInstall":true,"hasBinaryComponents":false,"strictCompatibility":false,"locales":[],"targetApplications":[{"id":"{ec8030f7-c20a-464f-9b0e-13a3a9e97384}","minVersion":"38.0a1","maxVersion":"43.0"}],"targetPlatforms":[],"multiprocessCompatible":false,"signedState":2,"seen":true}
1485093533078	DeferredSave.extensions.json	DEBUG	Save changes
1485093533079	addons.xpi	DEBUG	Updating database with changes to installed add-ons
1485093533080	addons.xpi-utils	DEBUG	Updating add-on states
1485093533085	addons.xpi-utils	DEBUG	Writing add-ons list
1485093533101	addons.xpi	DEBUG	Registering manifest for C:\Program Files (x86)\Mozilla Firefox\browser\features\e10srollout@mozilla.org.xpi
1485093533105	addons.xpi	DEBUG	Calling bootstrap method startup on e10srollout@mozilla.org version 1.0
1485093533105	addons.xpi	DEBUG	Registering manifest for C:\Program Files (x86)\Mozilla Firefox\browser\features\firefox@getpocket.com.xpi
1485093533109	addons.xpi	DEBUG	Calling bootstrap method startup on firefox@getpocket.com version 1.0
1485093533115	addons.xpi	DEBUG	Registering manifest for C:\Program Files (x86)\Mozilla Firefox\browser\features\loop@mozilla.org.xpi
1485093533119	addons.xpi	DEBUG	Calling bootstrap method startup on loop@mozilla.org version 1.2.6
1485093533257	addons.manager	DEBUG	Registering shutdown blocker for XPIProvider
1485093533259	addons.manager	DEBUG	Provider finished startup: XPIProvider
1485093533259	addons.manager	DEBUG	Starting provider: LightweightThemeManager
1485093533259	addons.manager	DEBUG	Registering shutdown blocker for LightweightThemeManager
1485093533260	addons.manager	DEBUG	Provider finished startup: LightweightThemeManager
1485093533264	addons.manager	DEBUG	Starting provider: GMPProvider
1485093533298	addons.manager	DEBUG	Registering shutdown blocker for GMPProvider
1485093533299	addons.manager	DEBUG	Provider finished startup: GMPProvider
1485093533299	addons.manager	DEBUG	Starting provider: PluginProvider
1485093533300	addons.manager	DEBUG	Registering shutdown blocker for PluginProvider
1485093533301	addons.manager	DEBUG	Provider finished startup: PluginProvider
1485093533303	addons.manager	DEBUG	Completed startup sequence
1485093540796	DeferredSave.extensions.json	DEBUG	Starting timer
1485093540925	addons.manager	DEBUG	Starting provider: <unnamed-provider>
1485093540925	addons.manager	DEBUG	Registering shutdown blocker for <unnamed-provider>
1485093540926	addons.manager	DEBUG	Provider finished startup: <unnamed-provider>
1485093541624	DeferredSave.extensions.json	DEBUG	Starting write
1485093542273	addons.repository	DEBUG	No addons.json found.
1485093542274	DeferredSave.addons.json	DEBUG	Save changes
1485093542316	DeferredSave.addons.json	DEBUG	Starting timer
1485093543840	addons.manager	DEBUG	Starting provider: PreviousExperimentProvider
1485093543840	addons.manager	DEBUG	Registering shutdown blocker for PreviousExperimentProvider
1485093543841	addons.manager	DEBUG	Provider finished startup: PreviousExperimentProvider
1485093543863	DeferredSave.addons.json	DEBUG	Starting write
1485093543880	DeferredSave.extensions.json	DEBUG	Write succeeded
1485093546235	DeferredSave.addons.json	DEBUG	Write succeeded

Build info: version: '2.53.1', revision: 'a36b8b1', time: '2016-06-30 17:32:46'
System info: host: 'Rinkesh', ip: '192.168.243.1', os.name: 'Windows 10', os.arch: 'amd64', os.version: '10.0', java.version: '1.8.0_60'
Driver info: driver.version: FirefoxDriver
	at org.openqa.selenium.firefox.internal.NewProfileExtensionConnection.start(NewProfileExtensionConnection.java:124)
	at org.openqa.selenium.firefox.FirefoxDriver.startClient(FirefoxDriver.java:271)
	at org.openqa.selenium.remote.RemoteWebDriver.<init>(RemoteWebDriver.java:119)
	at org.openqa.selenium.firefox.FirefoxDriver.<init>(FirefoxDriver.java:218)
	at org.openqa.selenium.firefox.FirefoxDriver.<init>(FirefoxDriver.java:211)
	at org.openqa.selenium.firefox.FirefoxDriver.<init>(FirefoxDriver.java:207)
	at org.openqa.selenium.firefox.FirefoxDriver.<init>(FirefoxDriver.java:120)
	at TestGrouping.CrossBrowserTest.openBrowser(CrossBrowserTest.java:20)
	at sun.reflect.NativeMethodAccessorImpl.invoke0(Native Method)
	at sun.reflect.NativeMethodAccessorImpl.invoke(NativeMethodAccessorImpl.java:62)
	at sun.reflect.DelegatingMethodAccessorImpl.invoke(DelegatingMethodAccessorImpl.java:43)
	at java.lang.reflect.Method.invoke(Method.java:497)
	at org.testng.internal.MethodInvocationHelper.invokeMethod(MethodInvocationHelper.java:85)
	at org.testng.internal.Invoker.invokeConfigurationMethod(Invoker.java:510)
	at org.testng.internal.Invoker.invokeConfigurations(Invoker.java:211)
	at org.testng.internal.Invoker.invokeConfigurations(Invoker.java:138)
	at org.testng.TestRunner.beforeRun(TestRunner.java:648)
	at org.testng.TestRunner.run(TestRunner.java:616)
	at org.testng.SuiteRunner.runTest(SuiteRunner.java:359)
	at org.testng.SuiteRunner.access$000(SuiteRunner.java:39)
	at org.testng.SuiteRunner$SuiteWorker.run(SuiteRunner.java:393)
	at org.testng.internal.thread.ThreadUtil$2.call(ThreadUtil.java:64)
	at java.util.concurrent.FutureTask.run(FutureTask.java:266)
	at java.util.concurrent.ThreadPoolExecutor.runWorker(ThreadPoolExecutor.java:1142)
	at java.util.concurrent.ThreadPoolExecutor$Worker.run(ThreadPoolExecutor.java:617)
	at java.lang.Thread.run(Thread.java:745)
Caused by: org.openqa.selenium.firefox.NotConnectedException: Unable to connect to host 127.0.0.1 on port 7055 after 45000 ms. Firefox console output:
te":2,"seen":true}
1485093533076	addons.xpi	DEBUG	Updating XPIState for {"id":"sp@avast.com","syncGUID":"GjdLZvR5eTSh","location":"winreg-app-global","version":"10.3.5.39","type":"extension","internalName":null,"updateURL":null,"updateKey":null,"optionsURL":null,"optionsType":null,"aboutURL":null,"icons":{},"iconURL":"chrome://sp/content/common/skin/img/logo-safeprice-48.png","icon64URL":null,"defaultLocale":{"name":"Avast SafePrice","description":"Safe shopping extension","creator":"AVAST Software","homepageURL":"http://www.avast.com/"},"visible":true,"active":false,"userDisabled":true,"appDisabled":false,"descriptor":"C:\\Program Files\\AVAST Software\\Avast\\SafePrice\\FF","installDate":1472924438178,"updateDate":1472924438178,"applyBackgroundUpdates":1,"bootstrap":true,"skinnable":false,"size":1877359,"sourceURI":null,"releaseNotesURI":null,"softDisabled":false,"foreignInstall":true,"hasBinaryComponents":false,"strictCompatibility":false,"locales":[],"targetApplications":[{"id":"{ec8030f7-c20a-464f-9b0e-13a3a9e97384}","minVersion":"38.0a1","maxVersion":"43.0"}],"targetPlatforms":[],"multiprocessCompatible":false,"signedState":2,"seen":true}
1485093533078	DeferredSave.extensions.json	DEBUG	Save changes
1485093533079	addons.xpi	DEBUG	Updating database with changes to installed add-ons
1485093533080	addons.xpi-utils	DEBUG	Updating add-on states
1485093533085	addons.xpi-utils	DEBUG	Writing add-ons list
1485093533101	addons.xpi	DEBUG	Registering manifest for C:\Program Files (x86)\Mozilla Firefox\browser\features\e10srollout@mozilla.org.xpi
1485093533105	addons.xpi	DEBUG	Calling bootstrap method startup on e10srollout@mozilla.org version 1.0
1485093533105	addons.xpi	DEBUG	Registering manifest for C:\Program Files (x86)\Mozilla Firefox\browser\features\firefox@getpocket.com.xpi
1485093533109	addons.xpi	DEBUG	Calling bootstrap method startup on firefox@getpocket.com version 1.0
1485093533115	addons.xpi	DEBUG	Registering manifest for C:\Program Files (x86)\Mozilla Firefox\browser\features\loop@mozilla.org.xpi
1485093533119	addons.xpi	DEBUG	Calling bootstrap method startup on loop@mozilla.org version 1.2.6
1485093533257	addons.manager	DEBUG	Registering shutdown blocker for XPIProvider
1485093533259	addons.manager	DEBUG	Provider finished startup: XPIProvider
1485093533259	addons.manager	DEBUG	Starting provider: LightweightThemeManager
1485093533259	addons.manager	DEBUG	Registering shutdown blocker for LightweightThemeManager
1485093533260	addons.manager	DEBUG	Provider finished startup: LightweightThemeManager
1485093533264	addons.manager	DEBUG	Starting provider: GMPProvider
1485093533298	addons.manager	DEBUG	Registering shutdown blocker for GMPProvider
1485093533299	addons.manager	DEBUG	Provider finished startup: GMPProvider
1485093533299	addons.manager	DEBUG	Starting provider: PluginProvider
1485093533300	addons.manager	DEBUG	Registering shutdown blocker for PluginProvider
1485093533301	addons.manager	DEBUG	Provider finished startup: PluginProvider
1485093533303	addons.manager	DEBUG	Completed startup sequence
1485093540796	DeferredSave.extensions.json	DEBUG	Starting timer
1485093540925	addons.manager	DEBUG	Starting provider: <unnamed-provider>
1485093540925	addons.manager	DEBUG	Registering shutdown blocker for <unnamed-provider>
1485093540926	addons.manager	DEBUG	Provider finished startup: <unnamed-provider>
1485093541624	DeferredSave.extensions.json	DEBUG	Starting write
1485093542273	addons.repository	DEBUG	No addons.json found.
1485093542274	DeferredSave.addons.json	DEBUG	Save changes
1485093542316	DeferredSave.addons.json	DEBUG	Starting timer
1485093543840	addons.manager	DEBUG	Starting provider: PreviousExperimentProvider
1485093543840	addons.manager	DEBUG	Registering shutdown blocker for PreviousExperimentProvider
1485093543841	addons.manager	DEBUG	Provider finished startup: PreviousExperimentProvider
1485093543863	DeferredSave.addons.json	DEBUG	Starting write
1485093543880	DeferredSave.extensions.json	DEBUG	Write succeeded
1485093546235	DeferredSave.addons.json	DEBUG	Write succeeded

	at org.openqa.selenium.firefox.internal.NewProfileExtensionConnection.start(NewProfileExtensionConnection.java:112)
	... 25 more
]]>
    </error>
  </testcase> <!-- executeStep1 -->
  <testcase name="executeStep1" time="0.149" classname="TestGrouping.CrossBrowserTest"/>
</testsuite> <!-- TestGrouping.CrossBrowserTest -->
