<?xml version="1.0" encoding="UTF-8"?>
<!-- Generated by org.testng.reporters.JUnitReportReporter -->
<testsuite hostname="Rinkesh" name="recap.AlertPopUp" tests="1" failures="0" timestamp="3 Dec 2016 17:52:52 GMT" time="30.683" errors="0">
  <testcase name="testAl" time="30.683" classname="recap.AlertPopUp"/>
</testsuite> <!-- recap.AlertPopUp -->
