<?xml version="1.0" encoding="UTF-8"?>
<!-- Generated by org.testng.reporters.JUnitReportReporter -->
<testsuite hostname="Rinkesh" name="TestNGClasses.TestScript" tests="2" failures="0" timestamp="8 Feb 2017 14:45:37 GMT" time="0.009" errors="0">
  <testcase name="test002" time="0.005" classname="TestNGClasses.TestScript"/>
  <testcase name="test001" time="0.004" classname="TestNGClasses.TestScript"/>
</testsuite> <!-- TestNGClasses.TestScript -->
